[debug] [2018-02-26T17:24:47.755Z] ----------------------------------------------------------------------
[debug] [2018-02-26T17:24:47.755Z] Command:       C:\Program Files\nodejs\node.exe C:\Users\shijith.mohanan\AppData\Roaming\npm\node_modules\firebase-tools\bin\firebase deploy
[debug] [2018-02-26T17:24:47.755Z] CLI Version:   3.17.4
[debug] [2018-02-26T17:24:47.755Z] Platform:      win32
[debug] [2018-02-26T17:24:47.755Z] Node Version:  v6.11.0
[debug] [2018-02-26T17:24:47.755Z] Time:          Mon Feb 26 2018 22:54:47 GMT+0530 (India Standard Time)
[debug] [2018-02-26T17:24:47.755Z] ----------------------------------------------------------------------
[debug] 
[debug] [2018-02-26T17:24:47.770Z] > command requires scopes: ["email","openid","https://www.googleapis.com/auth/cloudplatformprojects.readonly","https://www.googleapis.com/auth/firebase","https://www.googleapis.com/auth/cloud-platform"]
[debug] [2018-02-26T17:24:47.770Z] > authorizing via signed-in user
[debug] [2018-02-26T17:24:47.770Z] > refreshing access token with scopes: ["email","https://www.googleapis.com/auth/cloud-platform","https://www.googleapis.com/auth/cloudplatformprojects.readonly","https://www.googleapis.com/auth/firebase","openid"]
[debug] [2018-02-26T17:24:47.786Z] >>> HTTP REQUEST POST https://www.googleapis.com/oauth2/v3/token  
 { refresh_token: '1/FgA4t1zQbVqDlwiDQkBj_deE9YAPfqnaBz33uK_zimfS0LJahpJK-4foSBldaSq4',
  client_id: '563584335869-fgrhgmd47bqnekij5i8b5pr03ho849e6.apps.googleusercontent.com',
  client_secret: 'j9iVZfS8kkCEFUPaAeJV0sAi',
  grant_type: 'refresh_token',
  scope: 'email https://www.googleapis.com/auth/cloud-platform https://www.googleapis.com/auth/cloudplatformprojects.readonly https://www.googleapis.com/auth/firebase openid' } 
 Mon Feb 26 2018 22:54:47 GMT+0530 (India Standard Time)
[debug] [2018-02-26T17:24:48.044Z] <<< HTTP RESPONSE 200
[debug] [2018-02-26T17:24:48.059Z] >>> HTTP REQUEST GET https://admin.firebase.com/v1/projects/carpooling-app-81d7c  
  
 Mon Feb 26 2018 22:54:48 GMT+0530 (India Standard Time)
[info] 
[warn] !  Your CLI authentication needs to be updated to take advantage of new features.
[warn] !  Please run firebase login --reauth
[info] 
[debug] [2018-02-26T17:24:48.529Z] > command requires scopes: ["email","openid","https://www.googleapis.com/auth/cloudplatformprojects.readonly","https://www.googleapis.com/auth/firebase"]
[debug] [2018-02-26T17:24:48.534Z] > authorizing via signed-in user
[debug] [2018-02-26T17:24:48.534Z] > refreshing access token with scopes: ["email","https://www.googleapis.com/auth/cloudplatformprojects.readonly","https://www.googleapis.com/auth/firebase","openid"]
[debug] [2018-02-26T17:24:48.534Z] >>> HTTP REQUEST POST https://www.googleapis.com/oauth2/v3/token  
 { refresh_token: '1/FgA4t1zQbVqDlwiDQkBj_deE9YAPfqnaBz33uK_zimfS0LJahpJK-4foSBldaSq4',
  client_id: '563584335869-fgrhgmd47bqnekij5i8b5pr03ho849e6.apps.googleusercontent.com',
  client_secret: 'j9iVZfS8kkCEFUPaAeJV0sAi',
  grant_type: 'refresh_token',
  scope: 'email https://www.googleapis.com/auth/cloudplatformprojects.readonly https://www.googleapis.com/auth/firebase openid' } 
 Mon Feb 26 2018 22:54:48 GMT+0530 (India Standard Time)
[debug] [2018-02-26T17:24:48.925Z] <<< HTTP RESPONSE 200
[debug] [2018-02-26T17:24:48.946Z] >>> HTTP REQUEST GET https://admin.firebase.com/v1/projects/carpooling-app-81d7c  
  
 Mon Feb 26 2018 22:54:48 GMT+0530 (India Standard Time)
[debug] [2018-02-26T17:24:49.466Z] Error: write EPROTO 101057795:error:140770FC:SSL routines:SSL23_GET_SERVER_HELLO:unknown protocol:openssl\ssl\s23_clnt.c:794:

    at exports._errnoException (util.js:1018:11)
    at WriteWrap.afterWrite (net.js:800:14)
[error] 
[error] Error: Server Error. write EPROTO 101057795:error:140770FC:SSL routines:SSL23_GET_SERVER_HELLO:unknown protocol:openssl\ssl\s23_clnt.c:794:

